1578478640987	mozrunner::runner	INFO	Running command: "/usr/bin/firefox" "-marionette" "-foreground" "-no-remote" "-profile" "/tmp/rust_mozprofileJ8qT7k"
1578478641678	addons.webextension.screenshots@mozilla.org	WARN	Loading extension 'screenshots@mozilla.org': Reading manifest: Invalid extension permission: mozillaAddons
1578478641678	addons.webextension.screenshots@mozilla.org	WARN	Loading extension 'screenshots@mozilla.org': Reading manifest: Invalid extension permission: telemetry
1578478641678	addons.webextension.screenshots@mozilla.org	WARN	Loading extension 'screenshots@mozilla.org': Reading manifest: Invalid extension permission: resource://pdf.js/
1578478641678	addons.webextension.screenshots@mozilla.org	WARN	Loading extension 'screenshots@mozilla.org': Reading manifest: Invalid extension permission: about:reader*
1578478644694	Marionette	INFO	Listening on port 32205
1578478644702	Marionette	WARN	TLS certificate errors will be ignored for this session
1578478657786	Marionette	WARN	TimedPromise timed out after 500 ms: stacktrace:
bail@chrome://marionette/content/sync.js:237:64
send@https://opensource-demo.orangehrmlive.com/webres_5df488ddad8b23.30204013/js/jquery/jquery-1.7.2.min.js:4:17879
ajax@https://opensource-demo.orangehrmlive.com/webres_5df488ddad8b23.30204013/js/jquery/jquery-1.7.2.min.js:4:15044
domManip/<@https://opensource-demo.orangehrmlive.com/webres_5df488ddad8b23.30204013/js/jquery/jquery-1.7.2.min.js:4:2470
each@https://opensource-demo.orangehrmlive.com/webres_5df488ddad8b23.30204013/js/jquery/jquery-1.7.2.min.js:2:11776
domManip@https://opensource-demo.orangehrmlive.com/webres_5df488ddad8b23.30204013/js/jquery/jquery-1.7.2.min.js:4:2441
append@https://opensource-demo.orangehrmlive.com/webres_5df488ddad8b23.30204013/js/jquery/jquery-1.7.2.min.js:3:32408
html/<@https://opensource-demo.orangehrmlive.com/webres_5df488ddad8b23.30204013/js/jquery/jquery-1.7.2.min.js:4:1283
access@https://opensource-demo.orangehrmlive.com/webres_5df488ddad8b23.30204013/js/jquery/jquery-1.7.2.min.js:2:13266
html@https://opensource-demo.orangehrmlive.com/webres_5df488ddad8b23.30204013/js/jquery/jquery-1.7.2.min.js:4:876
success@https://opensource-demo.orangehrmlive.com/index.php/dashboard:926:36
o@https://opensource-demo.orangehrmlive.com/webres_5df488ddad8b23.30204013/js/jquery/jquery-1.7.2.min.js:2:14733
fireWith@https://opensource-demo.orangehrmlive.com/webres_5df488ddad8b23.30204013/js/jquery/jquery-1.7.2.min.js:2:15502
w@https://opensource-demo.orangehrmlive.com/webres_5df488ddad8b23.30204013/js/jquery/jquery-1.7.2.min.js:4:12472
d@https://opensource-demo.orangehrmlive.com/webres_5df488ddad8b23.30204013/js/jquery/jquery-1.7.2.min.js:4:18318
1578478658006	Marionette	INFO	Stopped listening on port 32205
IPDL protocol error: Handler returned error code!

###!!! [Parent][DispatchAsyncMessage] Error: PLayerTransaction::Msg_ReleaseLayer Processing error: message was deserialized, but the handler returned false (indicating failure)

IPDL protocol error: Handler returned error code!

###!!! [Parent][DispatchAsyncMessage] Error: PLayerTransaction::Msg_ReleaseLayer Processing error: message was deserialized, but the handler returned false (indicating failure)

IPDL protocol error: Handler returned error code!

###!!! [Parent][DispatchAsyncMessage] Error: PLayerTransaction::Msg_ReleaseLayer Processing error: message was deserialized, but the handler returned false (indicating failure)

IPDL protocol error: Handler returned error code!

###!!! [Parent][DispatchAsyncMessage] Error: PLayerTransaction::Msg_ReleaseLayer Processing error: message was deserialized, but the handler returned false (indicating failure)

IPDL protocol error: Handler returned error code!

###!!! [Parent][DispatchAsyncMessage] Error: PLayerTransaction::Msg_ReleaseLayer Processing error: message was deserialized, but the handler returned false (indicating failure)

